<?xml version="1.0" encoding="UTF-8"?>
<!-- Generated by org.testng.reporters.JUnitReportReporter -->
<testsuite hostname="MacBook-Air-Artem.local" failures="0" tests="3" name="org.demoTest.UserTest" time="22.208" errors="0" timestamp="2024-07-03T19:15:12 NZST" skipped="0">
  <testcase classname="org.demoTest.UserTest" name="testLogOutUser" time="7.635"/>
  <system-out/>
  <testcase classname="org.demoTest.UserTest" name="testRegisterNewUser" time="7.160"/>
  <system-out/>
  <testcase classname="org.demoTest.UserTest" name="testLogInUser" time="7.413"/>
  <system-out/>
</testsuite> <!-- org.demoTest.UserTest -->
